<?xml version="1.0" encoding="UTF-8"?>
<testng-results skipped="0" failed="0" ignored="0" total="1" passed="1">
  <reporter-output>
  </reporter-output>
  <suite name="Default suite" duration-ms="53317" started-at="2020-02-12T23:45:28 IST" finished-at="2020-02-12T23:46:22 IST">
    <groups>
    </groups>
    <test name="Default test" duration-ms="53317" started-at="2020-02-12T23:45:28 IST" finished-at="2020-02-12T23:46:22 IST">
      <class name="Test.LoginTest">
        <test-method status="PASS" signature="beforeTest()[pri:0, instance:Test.LoginTest@b8a058]" name="beforeTest" is-config="true" duration-ms="47880" started-at="2020-02-12T23:45:28 IST" finished-at="2020-02-12T23:46:16 IST">
          <reporter-output>
          </reporter-output>
        </test-method> <!-- beforeTest -->
        <test-method status="PASS" signature="LoginTest()[pri:0, instance:Test.LoginTest@b8a058]" name="LoginTest" duration-ms="5139" started-at="2020-02-12T23:46:17 IST" finished-at="2020-02-12T23:46:22 IST">
          <reporter-output>
          </reporter-output>
        </test-method> <!-- LoginTest -->
        <test-method status="PASS" signature="afterTest()[pri:0, instance:Test.LoginTest@b8a058]" name="afterTest" is-config="true" duration-ms="0" started-at="2020-02-12T23:46:22 IST" finished-at="2020-02-12T23:46:22 IST">
          <reporter-output>
          </reporter-output>
        </test-method> <!-- afterTest -->
      </class> <!-- Test.LoginTest -->
    </test> <!-- Default test -->
  </suite> <!-- Default suite -->
</testng-results>
